<?xml version="1.0" encoding="UTF-8"?>
<testng-results total="2" passed="2" failed="0" skipped="0">
  <reporter-output>
  </reporter-output>
  <suite started-at="2022-11-11T09:02:27Z" name="Default suite" finished-at="2022-11-11T09:03:24Z" duration-ms="56734">
    <groups>
      <group name="cucumber">
        <method signature="AbstractTestNGCucumberTests.runScenario(io.cucumber.testng.PickleWrapper, io.cucumber.testng.FeatureWrapper)[pri:0, instance:runner.Runner1@41ab013]" name="runScenario" class="io.cucumber.testng.AbstractTestNGCucumberTests"/>
      </group> <!-- cucumber -->
    </groups>
    <test started-at="2022-11-11T09:02:27Z" name="Default test" finished-at="2022-11-11T09:03:24Z" duration-ms="56734">
      <class name="runner.Runner1">
        <test-method is-config="true" signature="setUpClass(org.testng.ITestContext)[pri:0, instance:runner.Runner1@41ab013]" started-at="2022-11-11T14:32:27Z" name="setUpClass" finished-at="2022-11-11T14:32:28Z" duration-ms="586" status="PASS">
          <params>
            <param index="0">
              <value>
                <![CDATA[org.testng.TestRunner@27a09971]]>
              </value>
            </param>
          </params>
          <reporter-output>
          </reporter-output>
        </test-method> <!-- setUpClass -->
        <test-method signature="runScenario(io.cucumber.testng.PickleWrapper, io.cucumber.testng.FeatureWrapper)[pri:0, instance:runner.Runner1@41ab013]" started-at="2022-11-11T14:32:28Z" name="runScenario" description="Runs Cucumber Scenarios" data-provider="scenarios" finished-at="2022-11-11T14:32:54Z" duration-ms="25770" status="PASS">
          <params>
            <param index="0">
              <value>
                <![CDATA["To test login with valid details"]]>
              </value>
            </param>
            <param index="1">
              <value>
                <![CDATA["Optional[To test login feature Demo99]"]]>
              </value>
            </param>
          </params>
          <reporter-output>
          </reporter-output>
        </test-method> <!-- runScenario -->
        <test-method signature="runScenario(io.cucumber.testng.PickleWrapper, io.cucumber.testng.FeatureWrapper)[pri:0, instance:runner.Runner1@41ab013]" started-at="2022-11-11T14:32:54Z" name="runScenario" description="Runs Cucumber Scenarios" data-provider="scenarios" finished-at="2022-11-11T14:33:24Z" duration-ms="30325" status="PASS">
          <params>
            <param index="0">
              <value>
                <![CDATA["To test login with valid details"]]>
              </value>
            </param>
            <param index="1">
              <value>
                <![CDATA["Optional[To test login feature Demo99]"]]>
              </value>
            </param>
          </params>
          <reporter-output>
          </reporter-output>
        </test-method> <!-- runScenario -->
        <test-method is-config="true" signature="tearDownClass()[pri:0, instance:runner.Runner1@41ab013]" started-at="2022-11-11T14:33:24Z" name="tearDownClass" finished-at="2022-11-11T14:33:24Z" duration-ms="19" status="PASS">
          <reporter-output>
          </reporter-output>
        </test-method> <!-- tearDownClass -->
      </class> <!-- runner.Runner1 -->
    </test> <!-- Default test -->
  </suite> <!-- Default suite -->
</testng-results>
